<?xml version="1.0" encoding="UTF-8"?>
<!-- Generated by org.testng.reporters.JUnitReportReporter -->
<testsuite hostname="DESKTOP-13S7KG6" failures="0" tests="1" name="TestLogin" time="17.145" errors="0" timestamp="29 Mar 2018 16:10:09 GMT">
  <testcase classname="TestLogin" name="loginToPage" time="17.145"/>
</testsuite> <!-- TestLogin -->
